<?xml version="1.0" encoding="UTF-8"?>
<!-- Generated by org.testng.reporters.JUnitReportReporter -->
<testsuite hostname="Aswins-MacBook-Air.local" failures="0" tests="1" name="Day.Five.q2" time="224.100" errors="0" timestamp="2023-05-04T16:06:48 IST" skipped="0">
  <testcase classname="Day.Five.q2" name="Test" time="224.100"/>
  <system-out/>
</testsuite> <!-- Day.Five.q2 -->
